<?xml version="1.0" encoding="UTF-8"?>
<TEI xmlns="http://www.tei-c.org/ns/1.0">
<teiHeader>
 <fileDesc>
  <titleStmt>
   <title>Everything's Gonna Be Alright</title>
   <author>Aaliyah</author>
  </titleStmt>
  <sourceDesc><msDesc><msIdentifier>
   <idno type="URL">http://www.lyricsplanet.com/lyrics.php?id=6227</idno>
  </msIdentifier></msDesc></sourceDesc>
 </fileDesc>
</teiHeader>
<text><body>
 <lg>
  <l>[Aaliyah]</l>
  <l>Yo Rodney you ready?</l>
  <l>Cause I’m ready</l>
  <l>So let’s go</l>
 </lg>

 <lg>
  <l>[Rodney]</l>
  <l>Come on, uh whoo!</l>
  <l>Check it, check it out</l>
  <l>Aaliyah makes it hot</l>
  <l>Blackground makes it hot</l>
  <l>The R.G. makes it hot</l>
  <l>To get up, to get up, and don’t stop</l>
 </lg>

 <lg>
 </lg>

 <lg type="chorus">
  <l>Everything’s gonna be alright</l>
  <l>Let’s get this on tonight</l>
  <l>It’s time to get real loose</l>
  <l>Do what you wanna do</l>
  <l>-repeat 1X--</l>
 </lg>

 <lg>
 </lg>

 <lg type="verse">
  <l>Baby can we talk about what we came do?</l>
  <l>Let’s turn this party out</l>
  <l>Let me show you what love’s about</l>
  <l>Come here baby and let me show you how tonight</l>
 </lg>

 <lg>
 </lg>

 <lg type="chorus">
  <l>Everything’s gonna be alright</l>
  <l>Let’s get this on tonight</l>
  <l>It’s time to get real loose</l>
  <l>Do what you wanna do</l>
  <l>-repeat 1X--</l>
 </lg>

 <lg>
 </lg>

 <lg type="verse">
  <l>Now we know what’s going on</l>
  <l>Just come to me and baby you will see</l>
  <l>That I’m not into playing games</l>
  <l>You can do this baby</l>
  <l>With the L-I-Y-A-H, baby</l>
 </lg>

 <lg>
 </lg>

 <lg type="chorus">
  <l>Everything’s gonna be alright</l>
  <l>Let’s get this on tonight</l>
  <l>It’s time to get real loose</l>
  <l>Do what you wanna do</l>
  <l>-repeat 1X--</l>
 </lg>

 <lg>
  <l>Bridge:</l>
  <l>When I’m with you, you make me smile (baby yes you do)</l>
  <l>Stay with me a little while (a little while)</l>
  <l>Don’t ever go cause tonight is the night</l>
  <l>Baby I will do anything you want me to</l>
 </lg>

 <lg>
 </lg>

 <lg type="chorus">
  <l>Everything’s gonna be alright</l>
  <l>Let’s get this on tonight</l>
  <l>It’s time to get real loose</l>
  <l>Do what you wanna do</l>
  <l>-repeat 'till end--</l>
 </lg>

 <lg>
 </lg>
</body></text>
</TEI>
