<?xml version="1.0" encoding="UTF-8"?>
<TEI xmlns="http://www.tei-c.org/ns/1.0" xmlns:xsi="http://www.w3.org/2001/XMLSchema">
  <teiHeader>
    <fileDesc>
      <titleStmt>
      <title>JHRF.tag</title></titleStmt>
      <publicationStmt>...</publicationStmt>
      <sourceDesc>
        <recordingStmt>
          <recording dur="131.918304s" type="audio">
            <ab><ref mimeType="audio/mpeg">JHRF.mp3</ref></ab>
          </recording>
        </recordingStmt>
      </sourceDesc>
    </fileDesc>
    <encodingDesc>
      <schemaSpec ident="TEI-LaBB-CAT" start="TEI">
        <moduleRef key="tei"/>
        <moduleRef key="core"/>
        <moduleRef key="header"/>
        <moduleRef key="spoken"/>
        <moduleRef key="linking"/>
        <moduleRef key="corpus"/>
        <moduleRef key="namesdates"/>
        <moduleRef key="textstructure"/>
      <moduleRef key="analysis"/></schemaSpec>
      <appInfo>
        <application ident="labbcat" version="1.21">
    <label>LaBB-CAT TEI Converter</label></application></appInfo></encodingDesc>
    <profileDesc>
      <particDesc>
        <person sex="" xml:id="person-7"><persName>RF</persName><birth/></person>
        <person sex="" xml:id="person-8"><persName>JH</persName><birth/></person>
      </particDesc>
    </profileDesc>
  </teiHeader>
  <text>
    <body>
      <timeline unit="s">
        <when absolute="12.878" xml:id="n_8846"/>
        <when absolute="37.545212" xml:id="n_8852"/>
        <when xml:id="n_8888"/>
        <when xml:id="n_8889"/>
        <when xml:id="n_8890"/>
        <when xml:id="n_8891"/>
        <when xml:id="n_8892"/>
        <when xml:id="n_8893"/>
        <when xml:id="n_8894"/>
        <when xml:id="n_8895"/>
        <when xml:id="n_8896"/>
        <when xml:id="n_8897"/>
        <when xml:id="n_8898"/>
        <when absolute="18.05364" xml:id="n_8847"/>
        <when xml:id="n_8899"/>
        <when xml:id="n_8900"/>
        <when xml:id="n_8901"/>
        <when xml:id="n_8902"/>
        <when xml:id="n_8903"/>
        <when xml:id="n_8904"/>
        <when xml:id="n_8905"/>
        <when xml:id="n_8906"/>
        <when xml:id="n_8907"/>
        <when xml:id="n_8908"/>
        <when xml:id="n_8909"/>
        <when xml:id="n_8910"/>
        <when xml:id="n_8911"/>
        <when xml:id="n_8912"/>
        <when xml:id="n_8913"/>
        <when xml:id="n_8914"/>
        <when xml:id="n_8915"/>
        <when xml:id="n_8916"/>
        <when xml:id="n_8917"/>
        <when xml:id="n_8918"/>
        <when xml:id="n_8919"/>
        <when xml:id="n_8920"/>
        <when xml:id="n_8921"/>
        <when xml:id="n_8922"/>
        <when absolute="25.194633" xml:id="n_8848"/>
        <when xml:id="n_8923"/>
        <when xml:id="n_8924"/>
        <when xml:id="n_8925"/>
        <when xml:id="n_8926"/>
        <when absolute="27.877464" xml:id="n_8849"/>
        <when xml:id="n_8882"/>
        <when absolute="31.321289" xml:id="n_8850"/>
        <when absolute="32.086643" xml:id="n_8851"/>
        <when xml:id="n_8927"/>
        <when xml:id="n_8928"/>
        <when xml:id="n_8929"/>
        <when xml:id="n_8930"/>
        <when xml:id="n_8931"/>
        <when xml:id="n_8932"/>
        <when xml:id="n_8933"/>
        <when xml:id="n_8934"/>
        <when xml:id="n_8935"/>
        <when xml:id="n_8936"/>
        <when xml:id="n_8937"/>
        <when xml:id="n_8938"/>
        <when xml:id="n_8939"/>
        <when xml:id="n_8940"/>
        <when xml:id="n_8941"/>
        <when xml:id="n_8942"/>
        <when xml:id="n_8943"/>
        <when xml:id="n_8944"/>
        <when xml:id="n_8945"/>
        <when xml:id="n_8946"/>
        <when xml:id="n_8947"/>
        <when xml:id="n_8948"/>
        <when xml:id="n_8949"/>
        <when absolute="38.642715" xml:id="n_8853"/>
        <when xml:id="n_8883"/>
        <when absolute="39.263023" xml:id="n_8854"/>
        <when absolute="42.695049" xml:id="n_8855"/>
        <when xml:id="n_8950"/>
        <when xml:id="n_8951"/>
        <when xml:id="n_8952"/>
        <when xml:id="n_8953"/>
        <when xml:id="n_8954"/>
        <when xml:id="n_8955"/>
        <when xml:id="n_8956"/>
        <when xml:id="n_8957"/>
        <when absolute="45.987354" xml:id="n_8856"/>
        <when absolute="46.923477" xml:id="n_8857"/>
        <when absolute="49.699478" xml:id="n_8858"/>
        <when xml:id="n_8958"/>
        <when xml:id="n_8959"/>
        <when xml:id="n_8960"/>
        <when xml:id="n_8884"/>
        <when absolute="50.315475" xml:id="n_8859"/>
        <when absolute="51.019543" xml:id="n_8860"/>
        <when absolute="56.346004" xml:id="n_8864"/>
        <when xml:id="n_8961"/>
        <when xml:id="n_8962"/>
        <when xml:id="n_8963"/>
        <when absolute="52.571541" xml:id="n_8861"/>
        <when absolute="54.594006" xml:id="n_8862"/>
        <when xml:id="n_8964"/>
        <when absolute="54.882008" xml:id="n_8863"/>
        <when xml:id="n_8965"/>
        <when xml:id="n_8966"/>
        <when xml:id="n_8967"/>
        <when xml:id="n_8968"/>
        <when xml:id="n_8969"/>
        <when xml:id="n_8970"/>
        <when xml:id="n_8971"/>
        <when absolute="56.818005" xml:id="n_8865"/>
        <when absolute="59.534706" xml:id="n_8866"/>
        <when xml:id="n_8972"/>
        <when xml:id="n_8973"/>
        <when xml:id="n_8974"/>
        <when xml:id="n_8975"/>
        <when xml:id="n_8976"/>
        <when xml:id="n_8977"/>
        <when xml:id="n_8978"/>
        <when xml:id="n_8979"/>
        <when xml:id="n_8980"/>
        <when xml:id="n_8981"/>
        <when xml:id="n_8982"/>
        <when xml:id="n_8983"/>
        <when xml:id="n_8984"/>
        <when xml:id="n_8985"/>
        <when xml:id="n_8986"/>
        <when xml:id="n_8987"/>
        <when xml:id="n_8988"/>
        <when xml:id="n_8989"/>
        <when xml:id="n_8990"/>
        <when absolute="80.240448" xml:id="n_8874"/>
        <when xml:id="n_8991"/>
        <when xml:id="n_8992"/>
        <when xml:id="n_8993"/>
        <when xml:id="n_8994"/>
        <when xml:id="n_8995"/>
        <when xml:id="n_8996"/>
        <when xml:id="n_8997"/>
        <when xml:id="n_8998"/>
        <when xml:id="n_8999"/>
        <when xml:id="n_9000"/>
        <when xml:id="n_9001"/>
        <when absolute="63.598705" xml:id="n_8867"/>
        <when absolute="64.526703" xml:id="n_8868"/>
        <when xml:id="n_9002"/>
        <when xml:id="n_9003"/>
        <when xml:id="n_9004"/>
        <when xml:id="n_9005"/>
        <when xml:id="n_9006"/>
        <when xml:id="n_9007"/>
        <when xml:id="n_9008"/>
        <when xml:id="n_9009"/>
        <when xml:id="n_8885"/>
        <when xml:id="n_8886"/>
        <when xml:id="n_8887"/>
        <when absolute="67.001701" xml:id="n_8869"/>
        <when absolute="68.661461" xml:id="n_8870"/>
        <when xml:id="n_9010"/>
        <when xml:id="n_9011"/>
        <when xml:id="n_9012"/>
        <when xml:id="n_9013"/>
        <when xml:id="n_9014"/>
        <when xml:id="n_9015"/>
        <when xml:id="n_9016"/>
        <when xml:id="n_9017"/>
        <when xml:id="n_9018"/>
        <when xml:id="n_9019"/>
        <when xml:id="n_9020"/>
        <when xml:id="n_9021"/>
        <when xml:id="n_9022"/>
        <when xml:id="n_9023"/>
        <when xml:id="n_9024"/>
        <when xml:id="n_9025"/>
        <when xml:id="n_9026"/>
        <when xml:id="n_9027"/>
        <when absolute="73.853302" xml:id="n_8871"/>
        <when xml:id="n_9028"/>
        <when xml:id="n_9029"/>
        <when xml:id="n_9030"/>
        <when xml:id="n_9031"/>
        <when xml:id="n_9032"/>
        <when xml:id="n_9033"/>
        <when xml:id="n_9034"/>
        <when xml:id="n_9035"/>
        <when xml:id="n_9036"/>
        <when absolute="75.917305" xml:id="n_8872"/>
        <when xml:id="n_9037"/>
        <when xml:id="n_9038"/>
        <when xml:id="n_9039"/>
        <when xml:id="n_9040"/>
        <when xml:id="n_9041"/>
        <when xml:id="n_9042"/>
        <when xml:id="n_9043"/>
        <when xml:id="n_9044"/>
        <when xml:id="n_9045"/>
        <when xml:id="n_9046"/>
        <when xml:id="n_9047"/>
        <when absolute="78.682648" xml:id="n_8873"/>
        <when xml:id="n_9048"/>
        <when xml:id="n_9049"/>
        <when xml:id="n_9050"/>
        <when xml:id="n_9051"/>
        <when xml:id="n_9052"/>
        <when absolute="87.418648" xml:id="n_8877"/>
        <when xml:id="n_9053"/>
        <when xml:id="n_9054"/>
        <when xml:id="n_9055"/>
        <when xml:id="n_9056"/>
        <when xml:id="n_9057"/>
        <when xml:id="n_9058"/>
        <when xml:id="n_9059"/>
        <when absolute="82.634644" xml:id="n_8875"/>
        <when xml:id="n_9060"/>
        <when xml:id="n_9061"/>
        <when xml:id="n_9062"/>
        <when xml:id="n_9063"/>
        <when absolute="84.602646" xml:id="n_8876"/>
        <when xml:id="n_9064"/>
        <when xml:id="n_9065"/>
        <when xml:id="n_9066"/>
        <when xml:id="n_9067"/>
        <when xml:id="n_9068"/>
        <when xml:id="n_9069"/>
        <when xml:id="n_9070"/>
        <when xml:id="n_9071"/>
        <when xml:id="n_9072"/>
        <when xml:id="n_9073"/>
        <when xml:id="n_9074"/>
        <when xml:id="n_9075"/>
        <when absolute="87.926361" xml:id="n_8878"/>
        <when absolute="89.770645" xml:id="n_8879"/>
        <when xml:id="n_9076"/>
        <when xml:id="n_9077"/>
        <when xml:id="n_9078"/>
        <when absolute="131.918304" xml:id="n_8881"/>
        <when absolute="90.842644" xml:id="n_8880"/>
      </timeline>
      <div>
        <u synch="#n_8846 #n_8852" who="#person-8" xml:id="em_11_316">
          <w n="1" synch="#n_8846 #n_8888" xml:id="ew_0_5917">not</w>
          <w n="2" synch="#n_8888 #n_8889" xml:id="ew_0_5953">that</w>
          <w n="3" synch="#n_8889 #n_8890" xml:id="ew_0_5950">we</w>
          <w n="4" synch="#n_8890 #n_8891" xml:id="ew_0_6015">want</w>
          <w n="5" synch="#n_8891 #n_8892" xml:id="ew_0_5973">to</w>
          <w n="6" synch="#n_8892 #n_8893" xml:id="ew_0_5999">thow</w>
          <w n="7" synch="#n_8893 #n_8894" xml:id="ew_0_5868">too</w>
          <w n="8" synch="#n_8894 #n_8895" xml:id="ew_0_5888">much</w>
          <w n="9" synch="#n_8895 #n_8896" xml:id="ew_0_5895">time</w>
          <w n="10" synch="#n_8896 #n_8897" xml:id="ew_0_6045">into</w>
          <w n="11" synch="#n_8897 #n_8898" xml:id="ew_0_5839">it</w>
          <pause synch="#n_8898"/>
          <w n="12" synch="#n_8898 #n_8847" xml:id="ew_0_5992">but</w>
          <anchor synch="#n_8847"/>
          <w n="13" synch="#n_8847 #n_8899" xml:id="ew_0_5833">well</w>
          <w n="14" synch="#n_8899 #n_8900" xml:id="ew_0_5918">here</w>
          <w n="15" synch="#n_8900 #n_8901" xml:id="ew_0_5956">we</w>
          <w n="16" synch="#n_8901 #n_8902" xml:id="ew_0_5907">are</w>
          <w n="17" synch="#n_8902 #n_8903" xml:id="ew_0_5937">just</w>
          <w n="18" synch="#n_8903 #n_8904" xml:id="ew_0_5886">testing</w>
          <w n="19" synch="#n_8904 #n_8905" xml:id="ew_0_5901">whether</w>
          <w n="20" synch="#n_8905 #n_8906" xml:id="ew_0_5941">or</w>
          <w n="21" synch="#n_8906 #n_8907" xml:id="ew_0_5835">not</w>
          <w n="22" synch="#n_8907 #n_8908" xml:id="ew_0_5909">we're</w>
          <w n="23" synch="#n_8908 #n_8909" xml:id="ew_0_5966">being</w>
          <w n="24" synch="#n_8909 #n_8910" xml:id="ew_0_6027">recorded</w>
          <w n="25" synch="#n_8910 #n_8911" xml:id="ew_0_5836">even</w>
          <w n="26" synch="#n_8911 #n_8912" xml:id="ew_0_5931">though</w>
          <w n="27" synch="#n_8912 #n_8913" xml:id="ew_0_5819">we</w>
          <w n="28" synch="#n_8913 #n_8914" xml:id="ew_0_6032">don't</w>
          <w n="29" synch="#n_8914 #n_8915" xml:id="ew_0_5962">have</w>
          <w n="30" synch="#n_8915 #n_8916" xml:id="ew_0_5990">very</w>
          <w n="31" synch="#n_8916 #n_8917" xml:id="ew_0_5910">much</w>
          <w n="32" synch="#n_8917 #n_8918" xml:id="ew_0_6009">faith</w>
          <w n="33" synch="#n_8918 #n_8919" xml:id="ew_0_5975">that</w>
          <w n="34" synch="#n_8919 #n_8920" xml:id="ew_0_5855">we</w>
          <w n="35" synch="#n_8920 #n_8921" xml:id="ew_0_5924">are</w>
          <w n="36" synch="#n_8921 #n_8922" xml:id="ew_0_5862">being</w>
          <w n="37" synch="#n_8922 #n_8848" xml:id="ew_0_6035">recorded</w>
          <anchor synch="#n_8848"/>
          <w n="38" synch="#n_8848 #n_8923" xml:id="ew_0_5840">but</w>
          <w n="39" synch="#n_8923 #n_8924" xml:id="ew_0_5885">if</w>
          <w n="40" synch="#n_8924 #n_8925" xml:id="ew_0_5883">we</w>
          <w n="41" synch="#n_8925 #n_8926" xml:id="ew_0_5876">are</w>
          <w n="42" synch="#n_8926 #n_8849" xml:id="ew_0_5861">robert</w>
          <anchor synch="#n_8849"/>
          <vocal synch="#n_8849 #n_8882" xml:id="e_32_6"><desc>laugh</desc></vocal>
          <w n="43" synch="#n_8882 #n_8850" xml:id="ew_0_6026">xxx</w>
          <anchor synch="#n_8850"/>
          <incident synch="#n_8850 #n_8851" xml:id="e_32_8"><desc>breath</desc></incident>
          <anchor synch="#n_8851"/>
          <w n="44" synch="#n_8851 #n_8927" xml:id="ew_0_5887">what</w>
          <w n="45" synch="#n_8927 #n_8928" xml:id="ew_0_5942">do</w>
          <w n="46" synch="#n_8928 #n_8929" xml:id="ew_0_5881">you</w>
          <w n="47" synch="#n_8929 #n_8930" xml:id="ew_0_5932">think</w>
          <w n="48" synch="#n_8930 #n_8931" xml:id="ew_0_6006">about</w>
          <w n="49" synch="#n_8931 #n_8932" xml:id="ew_0_5849">how</w>
          <w n="50" synch="#n_8932 #n_8933" xml:id="ew_0_6002">intimidating</w>
          <w n="51" synch="#n_8933 #n_8934" xml:id="ew_0_5884">the</w>
          <w n="52" synch="#n_8934 #n_8935" xml:id="ew_0_5979">cameras</w>
          <w n="53" synch="#n_8935 #n_8936" xml:id="ew_0_5974">look</w>
          <w n="54" synch="#n_8936 #n_8937" xml:id="ew_0_5940">you</w>
          <w n="55" synch="#n_8937 #n_8938" xml:id="ew_0_5967">think</w>
          <w n="56" synch="#n_8938 #n_8939" xml:id="ew_0_5829">you'd</w>
          <w n="57" synch="#n_8939 #n_8940" xml:id="ew_0_5983">relax</w>
          <w n="58" synch="#n_8940 #n_8941" xml:id="ew_0_5830">under</w>
          <w n="59" synch="#n_8941 #n_8942" xml:id="ew_0_5858">this</w>
          <w n="60" synch="#n_8942 #n_8943" xml:id="ew_0_5925">context</w>
          <w n="61" synch="#n_8943 #n_8944" xml:id="ew_0_6024">or</w>
          <w n="62" synch="#n_8944 #n_8945" xml:id="ew_0_5960">would</w>
          <w n="63" synch="#n_8945 #n_8946" xml:id="ew_0_5889">you</w>
          <w n="64" synch="#n_8946 #n_8947" xml:id="ew_0_6010">find</w>
          <w n="65" synch="#n_8947 #n_8948" xml:id="ew_0_5834">it</w>
          <w n="66" synch="#n_8948 #n_8949" xml:id="ew_0_5899">too</w>
          <w n="67" synch="#n_8949 #n_8852" xml:id="ew_0_6007">intimidating</w>
        </u>
      </div>
      <div>
        <u synch="#n_8852 #n_8853" who="#person-7" xml:id="em_11_320">
          <w n="1" synch="#n_8852 #n_8883" xml:id="ew_0_5933">xxx</w>
          <w n="2" synch="#n_8883 #n_8853" xml:id="ew_0_5837">intimidating</w>
        </u>
      </div>
      <div>
        <u synch="#n_8853 #n_8854" who="#person-8" xml:id="em_11_314">
          <w n="1" synch="#n_8853 #n_8854" xml:id="ew_0_5995">mmm</w>
        </u>
      </div>
      <div>
        <u synch="#n_8854 #n_8855" who="#person-7" xml:id="em_11_317">
          <w n="1" synch="#n_8854 #n_8950" xml:id="ew_0_5998">I</w>
          <w n="2" synch="#n_8950 #n_8951" xml:id="ew_0_5945">mean</w>
          <w n="3" synch="#n_8951 #n_8952" xml:id="ew_0_5955">I</w>
          <pause synch="#n_8952"/>
          <w n="4" synch="#n_8952 #n_8953" xml:id="ew_0_6038">would</w>
          <w n="5" synch="#n_8953 #n_8954" xml:id="ew_0_5939">probably</w>
          <pause synch="#n_8954"/>
          <w n="6" synch="#n_8954 #n_8955" xml:id="ew_0_5827">get</w>
          <w n="7" synch="#n_8955 #n_8956" xml:id="ew_0_5869">used</w>
          <w n="8" synch="#n_8956 #n_8957" xml:id="ew_0_5902">to</w>
          <w n="9" synch="#n_8957 #n_8855" xml:id="ew_0_5996">it</w>
        </u>      
      </div>
      <div>
        <u synch="#n_8855 #n_8856" who="#person-8" xml:id="em_11_315">
          <w n="1" synch="#n_8855 #n_8856" xml:id="ew_0_6012">xxx</w>
        </u>
      </div>
      <div>
        <u synch="#n_8856 #n_8857" who="#person-7" xml:id="em_11_323">
          <w n="1" synch="#n_8856 #n_8857" xml:id="ew_0_6040">xxx</w>
        </u>
      </div>
      <div>
        <u synch="#n_8857 #n_8858" who="#person-8" xml:id="em_11_313">
          <w n="1" synch="#n_8857 #n_8958" xml:id="ew_0_5841">Yeah</w>
          <w n="2" synch="#n_8958 #n_8959" xml:id="ew_0_6000">well</w>
          <w n="3" synch="#n_8959 #n_8960" xml:id="ew_0_5845">it</w>
          <w n="4" synch="#n_8960 #n_8884" xml:id="ew_0_5865">would</w>
          <w n="5" synch="#n_8884 #n_8858" xml:id="ew_0_5820">xxx</w>
        </u>
      </div>
      <div>
        <u synch="#n_8858 #n_8859" who="#person-7" xml:id="em_11_308">
          <w n="1" synch="#n_8858 #n_8859" xml:id="ew_0_5908">right</w>
        </u>
      </div>
      <div>
        <u synch="#n_8859 #n_8860" who="#person-8" xml:id="em_11_324">
          <w n="1" synch="#n_8859 #n_8860" xml:id="ew_0_5986">um</w>
        </u>
      </div>
      <div>
        <u synch="#n_8860 #n_8864" who="#person-7" xml:id="em_11_322">
          <w n="1" synch="#n_8860 #n_8961" xml:id="ew_0_6037">It's</w>
          <w n="2" synch="#n_8961 #n_8962" xml:id="ew_0_6043">a</w>
          <w n="3" synch="#n_8962 #n_8963" xml:id="ew_0_6028">bit</w>
          <w n="4" synch="#n_8963 #n_8861" xml:id="ew_0_6021">um</w>
          <pause synch="#n_8861"/>
          <anchor synch="#n_8861"/>
          <vocal synch="#n_8861 #n_8862" xml:id="e_32_7"><desc>laugh</desc></vocal>
          <anchor synch="#n_8862"/>
          <w n="5" synch="#n_8862 #n_8964" xml:id="ew_0_5938">I</w>
          <w n="6" synch="#n_8964 #n_8863" xml:id="ew_0_6014">don't</w>
          <anchor synch="#n_8863"/>
          <w n="7" synch="#n_8863 #n_8965" xml:id="ew_0_5880">but</w>
          <w n="8" synch="#n_8965 #n_8966" xml:id="ew_0_6022">what</w>
          <w n="9" synch="#n_8966 #n_8967" xml:id="ew_0_5911">can</w>
          <w n="10" synch="#n_8967 #n_8968" xml:id="ew_0_5929">you</w>
          <w n="11" synch="#n_8968 #n_8969" xml:id="ew_0_5988">do</w>
          <w n="12" synch="#n_8969 #n_8970" xml:id="ew_0_6004">about</w>
          <w n="13" synch="#n_8970 #n_8971" xml:id="ew_0_5965">that</w>
          <w n="14" synch="#n_8971 #n_8864" xml:id="ew_0_6030">anyway</w>
        </u>
      </div>
      <div>
        <u synch="#n_8864 #n_8865" who="#person-8" xml:id="em_11_321">
          <w n="1" synch="#n_8864 #n_8865" xml:id="ew_0_5993">well</w>
        </u>
      </div>
      <div>
        <u synch="#n_8865 #n_8866" who="#person-7" xml:id="em_11_311">
          <w n="1" synch="#n_8865 #n_8972" xml:id="ew_0_5896">you've</w>
          <w n="2" synch="#n_8972 #n_8973" xml:id="ew_0_5842">got</w>
          <w n="3" synch="#n_8973 #n_8974" xml:id="ew_0_5997">to</w>
          <w n="4" synch="#n_8974 #n_8975" xml:id="ew_0_5912">be</w>
          <w n="5" synch="#n_8975 #n_8976" xml:id="ew_0_5821">able</w>
          <w n="6" synch="#n_8976 #n_8977" xml:id="ew_0_5824">to</w>
          <w n="7" synch="#n_8977 #n_8978" xml:id="ew_0_5921">the</w>
          <w n="8" synch="#n_8978 #n_8979" xml:id="ew_0_5936">camera's</w>
          <w n="9" synch="#n_8979 #n_8980" xml:id="ew_0_5903">go</w>
          <w n="10" synch="#n_8980 #n_8981" xml:id="ew_0_5977">to</w>
          <w n="11" synch="#n_8981 #n_8982" xml:id="ew_0_6023">be</w>
          <w n="12" synch="#n_8982 #n_8983" xml:id="ew_0_6019">able</w>
          <w n="13" synch="#n_8983 #n_8984" xml:id="ew_0_5926">to</w>
          <w n="14" synch="#n_8984 #n_8985" xml:id="ew_0_5825">see</w>
          <w n="15" synch="#n_8985 #n_8986" xml:id="ew_0_5828">whatever</w>
          <w n="16" synch="#n_8986 #n_8987" xml:id="ew_0_5846">you</w>
          <w n="17" synch="#n_8987 #n_8988" xml:id="ew_0_5882">put</w>
          <w n="18" synch="#n_8988 #n_8989" xml:id="ew_0_6017">in</w>
          <w n="19" synch="#n_8989 #n_8990" xml:id="ew_0_5922">front</w>
          <w n="20" synch="#n_8990 #n_8866" xml:id="ew_0_5944">of</w>
        </u>
      </div>
      <div>
        <u synch="#n_8866 #n_8874" who="#person-8" xml:id="em_11_310">
          <w n="1" synch="#n_8866 #n_8991" xml:id="ew_0_6016">Yeah</w>
          <pause synch="#n_8991"/>
          <w n="2" synch="#n_8991 #n_8992" xml:id="ew_0_5866">apparently</w>
          <w n="3" synch="#n_8992 #n_8993" xml:id="ew_0_5919">they</w>
          <w n="4" synch="#n_8993 #n_8994" xml:id="ew_0_5951">can</w>
          <w n="5" synch="#n_8994 #n_8995" xml:id="ew_0_6020">see</w>
          <w n="6" synch="#n_8995 #n_8996" xml:id="ew_0_5822">through</w>
          <w n="7" synch="#n_8996 #n_8997" xml:id="ew_0_5847">perspex</w>
          <w n="8" synch="#n_8997 #n_8998" xml:id="ew_0_5958">like</w>
          <w n="9" synch="#n_8998 #n_8999" xml:id="ew_0_5913">coloured</w>
          <w n="10" synch="#n_8999 #n_9000" xml:id="ew_0_6034">kind</w>
          <w n="11" synch="#n_9000 #n_9001" xml:id="ew_0_5851">of</w>
          <w n="12" synch="#n_9001 #n_8867" xml:id="ew_0_5838">perspex</w>
          <pause synch="#n_8867"/>
          <anchor synch="#n_8867"/>
          <w n="13" synch="#n_8867 #n_8868" xml:id="ew_0_5946">um</w>
          <pause synch="#n_8868"/>
          <anchor synch="#n_8868"/>
          <w n="14" synch="#n_8868 #n_9002" xml:id="ew_0_6029">or</w>
          <w n="15" synch="#n_9002 #n_9003" xml:id="ew_0_5854">we</w>
          <w n="16" synch="#n_9003 #n_9004" xml:id="ew_0_5964">can</w>
          <w n="17" synch="#n_9004 #n_9005" xml:id="ew_0_5982">do</w>
          <w n="18" synch="#n_9005 #n_9006" xml:id="ew_0_5818">something</w>
          <w n="19" synch="#n_9006 #n_9007" xml:id="ew_0_5952">a</w>
          <w n="20" synch="#n_9007 #n_9008" xml:id="ew_0_6005">bit</w>
          <w n="21" synch="#n_9008 #n_9009" xml:id="ew_0_6036">more</w>
          <w n="22" synch="#n_9009 #n_8885" xml:id="ew_0_5971">subtle</w>
          <incident synch="#n_8885 #n_8886" xml:id="e_32_5">
          <desc>general</desc></incident>
          <w n="23" synch="#n_8886 #n_8887" xml:id="ew_0_5859">with</w>
          <w n="24" synch="#n_8887 #n_8869" xml:id="ew_0_5923">the</w>
          <anchor synch="#n_8869"/>
          <w n="25" synch="#n_8869 #n_8870" xml:id="ew_0_5927">um</w>
          <pause synch="#n_8870"/>
          <anchor synch="#n_8870"/>
          <w n="26" synch="#n_8870 #n_9010" xml:id="ew_0_5890">like</w>
          <w n="27" synch="#n_9010 #n_9011" xml:id="ew_0_5875">the</w>
          <w n="28" synch="#n_9011 #n_9012" xml:id="ew_0_5972">curtaining</w>
          <w n="29" synch="#n_9012 #n_9013" xml:id="ew_0_5914">like</w>
          <w n="30" synch="#n_9013 #n_9014" xml:id="ew_0_5867">maybe</w>
          <w n="31" synch="#n_9014 #n_9015" xml:id="ew_0_6033">move</w>
          <w n="32" synch="#n_9015 #n_9016" xml:id="ew_0_5853">the</w>
          <w n="33" synch="#n_9016 #n_9017" xml:id="ew_0_5897">curtaining</w>
          <w n="34" synch="#n_9017 #n_9018" xml:id="ew_0_5844">out</w>
          <w n="35" synch="#n_9018 #n_9019" xml:id="ew_0_5980">so</w>
          <w n="36" synch="#n_9019 #n_9020" xml:id="ew_0_6013">that</w>
          <w n="37" synch="#n_9020 #n_9021" xml:id="ew_0_6041">it's</w>
          <w n="38" synch="#n_9021 #n_9022" xml:id="ew_0_5969">hanging</w>
          <w n="39" synch="#n_9022 #n_9023" xml:id="ew_0_5893">over</w>
          <w n="40" synch="#n_9023 #n_9024" xml:id="ew_0_5959">out</w>
          <w n="41" synch="#n_9024 #n_9025" xml:id="ew_0_5872">above</w>
          <w n="42" synch="#n_9025 #n_9026" xml:id="ew_0_5920">those</w>
          <w n="43" synch="#n_9026 #n_9027" xml:id="ew_0_5915">mounts</w>
          <w n="44" synch="#n_9027 #n_8871" xml:id="ew_0_5870">somehow</w>
          <anchor synch="#n_8871"/>
          <w n="45" synch="#n_8871 #n_9028" xml:id="ew_0_6025">and</w>
          <w n="46" synch="#n_9028 #n_9029" xml:id="ew_0_5892">there'd</w>
          <w n="47" synch="#n_9029 #n_9030" xml:id="ew_0_5831">be</w>
          <w n="48" synch="#n_9030 #n_9031" xml:id="ew_0_5857">a</w>
          <w n="49" synch="#n_9031 #n_9032" xml:id="ew_0_5832">little</w>
          <w n="50" synch="#n_9032 #n_9033" xml:id="ew_0_5898">camera</w>
          <w n="51" synch="#n_9033 #n_9034" xml:id="ew_0_5905">&lt;right&gt;</w>
          <w n="52" synch="#n_9034 #n_9035" xml:id="ew_0_5994">just</w>
          <w n="53" synch="#n_9035 #n_9036" xml:id="ew_0_5826">peeking</w>
          <w n="54" synch="#n_9036 #n_8872" xml:id="ew_0_5989">through</w>
          <anchor synch="#n_8872"/>
          <w n="55" synch="#n_8872 #n_9037" xml:id="ew_0_5856">but</w>
          <w n="56" synch="#n_9037 #n_9038" xml:id="ew_0_5934">I</w>
          <w n="57" synch="#n_9038 #n_9039" xml:id="ew_0_5984">suppose</w>
          <w n="58" synch="#n_9039 #n_9040" xml:id="ew_0_6011">there's</w>
          <w n="59" synch="#n_9040 #n_9041" xml:id="ew_0_5954">still</w>
          <w n="60" synch="#n_9041 #n_9042" xml:id="ew_0_5987">gonna</w>
          <w n="61" synch="#n_9042 #n_9043" xml:id="ew_0_6044">be</w>
          <w n="62" synch="#n_9043 #n_9044" xml:id="ew_0_5957">cameras</w>
          <w n="63" synch="#n_9044 #n_9045" xml:id="ew_0_6031">peeking</w>
          <w n="64" synch="#n_9045 #n_9046" xml:id="ew_0_5947">through</w>
          <w n="65" synch="#n_9046 #n_9047" xml:id="ew_0_5976">I</w>
          <w n="66" synch="#n_9047 #n_8873" xml:id="ew_0_5894">mean</w>
          <anchor synch="#n_8873"/>
          <w n="67" synch="#n_8873 #n_9048" xml:id="ew_0_5961">it's</w>
          <w n="68" synch="#n_9048 #n_9049" xml:id="ew_0_5930">sort</w>
          <w n="69" synch="#n_9049 #n_9050" xml:id="ew_0_5906">like</w>
          <w n="70" synch="#n_9050 #n_9051" xml:id="ew_0_5878">the</w>
          <w n="71" synch="#n_9051 #n_9052" xml:id="ew_0_5863">same</w>
          <w n="72" synch="#n_9052 #n_8874" xml:id="ew_0_5991">thing</w>
        </u>
      </div>
      <div>
        <u synch="#n_8873 #n_8877" who="#person-7" xml:id="em_11_318">
          <w n="1" synch="#n_8873 #n_8874" xml:id="ew_0_5874">well</w>
          <anchor synch="#n_8874"/>
          <w n="2" synch="#n_8874 #n_9053" xml:id="ew_0_5948">maybe</w>
          <pause synch="#n_9053"/>
          <w n="3" synch="#n_9053 #n_9054" xml:id="ew_0_5978">I</w>
          <w n="4" synch="#n_9054 #n_9055" xml:id="ew_0_5860">guess</w>
          <w n="5" synch="#n_9055 #n_9056" xml:id="ew_0_6008">you'd</w>
          <w n="6" synch="#n_9056 #n_9057" xml:id="ew_0_6039">have</w>
          <w n="7" synch="#n_9057 #n_9058" xml:id="ew_0_5928">to</w>
          <w n="8" synch="#n_9058 #n_9059" xml:id="ew_0_5981">try</w>
          <w n="9" synch="#n_9059 #n_8875" xml:id="ew_0_5848">it</w>
          <anchor synch="#n_8875"/>
          <w n="10" synch="#n_8875 #n_9060" xml:id="ew_0_5879">the</w>
          <w n="11" synch="#n_9060 #n_9061" xml:id="ew_0_5904">other</w>
          <w n="12" synch="#n_9061 #n_9062" xml:id="ew_0_5970">thing</w>
          <w n="13" synch="#n_9062 #n_9063" xml:id="ew_0_5935">is</w>
          <pause synch="#n_9063"/>
          <w n="14" synch="#n_9063 #n_8876" xml:id="ew_0_5852">like</w>
          <anchor synch="#n_8876"/>
          <w n="15" synch="#n_8876 #n_9064" xml:id="ew_0_6018">those</w>
          <w n="16" synch="#n_9064 #n_9065" xml:id="ew_0_5823">things</w>
          <w n="17" synch="#n_9065 #n_9066" xml:id="ew_0_5850">that</w>
          <w n="18" synch="#n_9066 #n_9067" xml:id="ew_0_5949">they're</w>
          <w n="19" synch="#n_9067 #n_9068" xml:id="ew_0_6001">are</w>
          <w n="20" synch="#n_9068 #n_9069" xml:id="ew_0_6042">mounted</w>
          <w n="21" synch="#n_9069 #n_9070" xml:id="ew_0_5985">on</w>
          <w n="22" synch="#n_9070 #n_9071" xml:id="ew_0_5843">let</w>
          <pause synch="#n_9071"/>
          <w n="23" synch="#n_9071 #n_9072" xml:id="ew_0_5916">you</w>
          <pause synch="#n_9072"/>
          <w n="24" synch="#n_9072 #n_9073" xml:id="ew_0_5943">move</w>
          <w n="25" synch="#n_9073 #n_9074" xml:id="ew_0_5873">the</w>
          <w n="26" synch="#n_9074 #n_9075" xml:id="ew_0_5877">cameras</w>
          <w n="27" synch="#n_9075 #n_8877" xml:id="ew_0_6003">right</w>
        </u>
      </div>
      <div>
        <u synch="#n_8877 #n_8878" who="#person-8" xml:id="em_11_312">
          <w n="1" synch="#n_8877 #n_8878" xml:id="ew_0_5891">yeah</w>
        </u>
      </div>
      <div>
        <u synch="#n_8878 #n_8879" who="#person-7" xml:id="em_11_309">
          <w n="1" synch="#n_8878 #n_9076" xml:id="ew_0_5864">do</w>
          <w n="2" synch="#n_9076 #n_9077" xml:id="ew_0_5963">they</w>
          <w n="3" synch="#n_9077 #n_9078" xml:id="ew_0_5900">make</w>
          <w n="4" synch="#n_9078 #n_8879" xml:id="ew_0_5968">noise</w>
        </u>
      </div>
      <div>
        <u synch="#n_8879 #n_8881" who="#person-8" xml:id="em_11_319">
          <w n="1" synch="#n_8879 #n_8880" xml:id="ew_0_5871">um</w>
        </u>
      </div>
    </body>
  </text>
</TEI>
